<?xml version="1.0" encoding="UTF-8"?>
<!-- Generated by org.testng.reporters.JUnitReportReporter -->
<testsuite hostname="DESKTOP-BE4RNUP" failures="0" tests="4" name="com.mytest.SauceTest" time="85.651" errors="0" timestamp="2022-11-19T16:31:42 IST" skipped="0">
  <testcase classname="com.mytest.SauceTest" name="checkInventoryItem" time="33.445"/>
  <system-out/>
  <testcase classname="com.mytest.SauceTest" name="checkInventoryItem" time="10.174"/>
  <system-out/>
  <testcase classname="com.mytest.SauceTest" name="checkAddToCartButton" time="31.881"/>
  <system-out/>
  <testcase classname="com.mytest.SauceTest" name="checkAddToCartButton" time="10.151"/>
  <system-out/>
</testsuite> <!-- com.mytest.SauceTest -->
